<?xml version="1.0" encoding="UTF-8"?>
<!-- Generated by org.testng.reporters.JUnitXMLReporter -->
<testsuite ignored="0" hostname="TYSS-Omitya-Mokal" failures="1" tests="3" name="Test" time="34.948" errors="0" timestamp="2024-05-02T12:25:25 IST">
  <testcase classname="testScripts.TestCase01" name="ktmTestCase" time="10.765"/>
  <testcase classname="testScripts.TestCase02" name="ktmTestCase" time="13.109">
    <failure type="java.lang.AssertionError" message="Jawa Page is Not Displayed.. expected [Jawa Perak Price, Colors, Mileage, Specifications | JAWA Motorcycles] but found [JAWA Motorcycle Company Official Website | JAWA Motorcycles India]">
      <![CDATA[java.lang.AssertionError: Jawa Page is Not Displayed.. expected [Jawa Perak Price, Colors, Mileage, Specifications | JAWA Motorcycles] but found [JAWA Motorcycle Company Official Website | JAWA Motorcycles India]
at testScripts.TestCase02.ktmTestCase(TestCase02.java:21)
at java.base/java.util.ArrayList.forEach(ArrayList.java:1511)
... Removed 32 stack frames]]>
    </failure>
  </testcase> <!-- ktmTestCase -->
  <testcase classname="testScripts.TestCase03" name="ktmTestCase" time="10.995"/>
</testsuite> <!-- Test -->
